2020-01-14 17:03:02.9112 | Info | User ы logged in as admin | 
2020-01-14 17:03:48.1542 | Warn | User: ы passed no arguments while searching for heroes | 
2020-01-14 17:03:53.8065 | Warn | User: ы passed no arguments while searching for heroes | 
2020-01-14 17:03:59.4211 | Warn | User: ы passed no arguments while searching for heroes | 
2020-01-14 17:03:59.8920 | Warn | User: ы passed no arguments while searching for heroes | 
2020-01-14 17:04:00.3814 | Warn | User: ы passed no arguments while searching for heroes | 
2020-01-16 18:42:58.5185 | Info | User s logged in as user | 
2020-01-16 18:43:21.1374 | Warn | User: s. Invalid input occured while searching for heroes by Id, got: 'a'   | 
2020-01-16 18:51:27.6998 | Info | User s logged in as admin | 
2020-01-16 18:51:29.2138 | Error | Oracle.ManagedDataAccess.Client.OracleException (0x80004005): ORA-00933: SQL command not properly ended
   в OracleInternal.ServiceObjects.OracleConnectionImpl.VerifyExecution(Int32& cursorId, Boolean bThrowArrayBindRelatedErrors, SqlStatementType sqlStatementType, Int32 arrayBindCount, OracleException& exceptionForArrayBindDML, Boolean& hasMoreRowsInDB, Boolean bFirstIterationDone)
   в OracleInternal.ServiceObjects.OracleCommandImpl.ExecuteNonQuery(String commandText, OracleParameterCollection paramColl, CommandType commandType, OracleConnectionImpl connectionImpl, Int32 longFetchSize, Int64 clientInitialLOBFS, OracleDependencyImpl orclDependencyImpl, Int64[]& scnFromExecution, OracleParameterCollection& bindByPositionParamColl, Boolean& bBindParamPresent, OracleException& exceptionForArrayBindDML, OracleConnection connection, OracleLogicalTransaction& oracleLogicalTransaction, Boolean isFromEF)
   в Oracle.ManagedDataAccess.Client.OracleCommand.ExecuteNonQuery()
   в datadatabase.talents.Button_Click(Object sender, RoutedEventArgs e) в D:\Me\многа букаф\datadatabase\datadatabase\talents.xaml.cs:строка 59 | ORA-00933: SQL command not properly ended
2020-01-16 18:52:14.5995 | Info | User s logged in as admin | 
2020-01-16 18:53:03.0021 | Warn | User: s. Invalid input occured while searching for heroes by Name, got: '1;delete  heroes; '   | 
2020-01-16 18:53:50.7999 | Info | User aa logged in as user | 
2020-01-16 18:54:04.1341 | Info | User aa logged in as admin | 
2020-01-16 19:03:35.3895 | Info | User і logged in as user | 
2020-01-16 19:18:53.4686 | Info | User: і has begone transaction | 
2020-01-16 19:18:53.5054 | Info | User: і has deleted talent with id: 0. 1 rows were affected | 
2020-01-16 19:18:53.5054 | Info | User: і has deleted hero_spells with id: 0. 4 rows were affected | 
2020-01-16 19:18:53.5570 | Info | User: і has deleted spells with id in (0,1,2,3). 4 rows were affected | 
2020-01-16 19:18:53.5634 | Info | User: і has deleted talent with id: 1. 0 rows were affected | 
2020-01-16 19:18:53.5634 | Info | User: і has deleted hero_spells with id: 1. 4 rows were affected | 
2020-01-16 19:18:53.5757 | Info | User: і has deleted spells with id in (4,5,6,7). 4 rows were affected | 
2020-01-16 19:18:53.5757 | Info | User: і has deleted talent with id: 2. 0 rows were affected | 
2020-01-16 19:18:53.5757 | Info | User: і has deleted hero_spells with id: 2. 4 rows were affected | 
2020-01-16 19:18:53.5937 | Info | User: і has deleted spells with id in (8,9,10,11). 4 rows were affected | 
2020-01-16 19:18:53.5937 | Info | User: і has deleted some heroes. 3 rows were affected | 
2020-01-16 19:19:06.4500 | Info | User: і has reverted reacent transaction | 
2020-01-16 21:16:29.5049 | Info | User s logged in as user | 
2020-01-16 21:17:28.7292 | Info | User: s has begone transaction | 
2020-01-16 21:17:28.7915 | Info | User: s has deleted some rows from hero_spells where id = 290. 1 rows were affected | 
2020-01-16 21:17:28.7915 | Info | User: s has deleted some rows from spells where id = 290. 1 rows were affected | 
2020-01-16 21:17:28.8385 | Info | User: s has deleted some spells. 0 rows affected | 
2020-01-16 21:35:02.0831 | Info | User: s has reverted reacent transaction | 
2020-01-16 21:35:19.1462 | Info | User: s has begone transaction | 
2020-01-16 21:35:19.1752 | Info | User: s has deleted some rows from hero_spells where id = 290. 1 rows were affected | 
2020-01-16 21:35:19.1752 | Info | User: s has deleted some rows from spells where id = 290. 1 rows were affected | 
2020-01-16 21:35:19.1857 | Info | User: s has deleted some spells. 0 rows affected | 
2020-01-16 21:35:27.7557 | Info | User: s has reverted reacent transaction | 
2020-01-16 21:35:48.3304 | Info | User: s has begone transaction | 
2020-01-16 21:35:48.3304 | Info | User: s has deleted some rows from hero_spells where id = 290. 1 rows were affected | 
2020-01-16 21:35:48.3428 | Info | User: s has deleted some rows from spells where id = 290. 1 rows were affected | 
2020-01-16 21:35:48.3428 | Info | User: s has deleted some spells. 0 rows affected | 
2020-01-16 21:35:54.5711 | Info | User: s has reverted reacent transaction | 
2020-01-16 21:36:07.9121 | Info | User s logged in as user | 
2020-01-16 21:36:38.7277 | Info | User s logged in as user | 
2020-01-16 21:37:02.2409 | Info | User: s has begone transaction | 
2020-01-16 21:37:02.2609 | Info | User: s has deleted some rows from hero_spells where id = 290. 1 rows were affected | 
2020-01-16 21:37:02.2668 | Info | User: s has deleted some rows from spells where id = 290. 1 rows were affected | 
2020-01-16 21:37:02.2668 | Info | User: s has deleted some spells. 0 rows affected | 
2020-01-16 21:50:55.9721 | Info | User jj logged in as admin | 
2020-01-16 21:54:29.7646 | Info | User jj logged in as admin | 
2020-01-16 21:54:31.2357 | Error | Oracle.ManagedDataAccess.Client.OracleException (0x80004005): ORA-00933: SQL command not properly ended
   в OracleInternal.ServiceObjects.OracleConnectionImpl.VerifyExecution(Int32& cursorId, Boolean bThrowArrayBindRelatedErrors, SqlStatementType sqlStatementType, Int32 arrayBindCount, OracleException& exceptionForArrayBindDML, Boolean& hasMoreRowsInDB, Boolean bFirstIterationDone)
   в OracleInternal.ServiceObjects.OracleCommandImpl.ExecuteNonQuery(String commandText, OracleParameterCollection paramColl, CommandType commandType, OracleConnectionImpl connectionImpl, Int32 longFetchSize, Int64 clientInitialLOBFS, OracleDependencyImpl orclDependencyImpl, Int64[]& scnFromExecution, OracleParameterCollection& bindByPositionParamColl, Boolean& bBindParamPresent, OracleException& exceptionForArrayBindDML, OracleConnection connection, OracleLogicalTransaction& oracleLogicalTransaction, Boolean isFromEF)
   в Oracle.ManagedDataAccess.Client.OracleCommand.ExecuteNonQuery()
   в datadatabase.talents.Button_Click(Object sender, RoutedEventArgs e) в D:\Me\многа букаф\datadatabase\datadatabase\talents.xaml.cs:строка 59 | ORA-00933: SQL command not properly ended
2020-01-16 21:54:56.9216 | Info | User jj logged in as admin | 
2020-01-16 21:55:03.6270 | Info | User jj logged in as admin | 
2020-01-16 21:55:27.0989 | Info | User jj logged in as admin | 
2020-01-17 09:42:48.2436 | Info | User sasas logged in as user | 
2020-01-17 09:43:50.6919 | Info | User: sasas has begone transaction | 
2020-01-17 09:43:50.7507 | Info | User: sasas has deleted talent with id: 72. 0 rows were affected | 
2020-01-17 09:43:50.7684 | Info | User: sasas has deleted hero_spells with id: 72. 3 rows were affected | 
2020-01-17 09:43:50.7876 | Info | User: sasas has deleted spells with id in (290,291,292). 3 rows were affected | 
2020-01-17 09:43:50.8035 | Info | User: sasas has deleted talent with id: 73. 0 rows were affected | 
2020-01-17 09:43:50.8215 | Info | User: sasas has deleted hero_spells with id: 73. 4 rows were affected | 
2020-01-17 09:43:50.8385 | Info | User: sasas has deleted spells with id in (293,294,295,296). 4 rows were affected | 
2020-01-17 09:43:50.8554 | Info | User: sasas has deleted talent with id: 74. 0 rows were affected | 
2020-01-17 09:43:50.8724 | Info | User: sasas has deleted hero_spells with id: 74. 4 rows were affected | 
2020-01-17 09:43:50.8893 | Info | User: sasas has deleted spells with id in (297,298,299,300). 4 rows were affected | 
2020-01-17 09:43:50.9073 | Info | User: sasas has deleted talent with id: 77. 0 rows were affected | 
2020-01-17 09:43:50.9263 | Info | User: sasas has deleted hero_spells with id: 77. 4 rows were affected | 
2020-01-17 09:43:50.9442 | Info | User: sasas has deleted spells with id in (309,310,311,312). 4 rows were affected | 
2020-01-17 09:43:50.9632 | Info | User: sasas has deleted talent with id: 78. 0 rows were affected | 
2020-01-17 09:43:50.9821 | Info | User: sasas has deleted hero_spells with id: 78. 4 rows were affected | 
2020-01-17 09:43:51.0010 | Info | User: sasas has deleted spells with id in (313,314,315,316). 4 rows were affected | 
2020-01-17 09:43:51.0140 | Info | User: sasas has deleted talent with id: 84. 0 rows were affected | 
2020-01-17 09:43:51.0140 | Info | User: sasas has deleted hero_spells with id: 84. 4 rows were affected | 
2020-01-17 09:43:51.0469 | Info | User: sasas has deleted spells with id in (337,338,339,340). 4 rows were affected | 
2020-01-17 09:43:51.0469 | Info | User: sasas has deleted talent with id: 85. 0 rows were affected | 
2020-01-17 09:43:51.1225 | Info | User: sasas has deleted hero_spells with id: 85. 4 rows were affected | 
2020-01-17 09:43:51.1443 | Info | User: sasas has deleted spells with id in (341,342,343,344). 4 rows were affected | 
2020-01-17 09:43:51.1624 | Info | User: sasas has deleted talent with id: 88. 0 rows were affected | 
2020-01-17 09:43:51.1822 | Info | User: sasas has deleted hero_spells with id: 88. 4 rows were affected | 
2020-01-17 09:43:51.2002 | Info | User: sasas has deleted spells with id in (353,354,355,356). 4 rows were affected | 
2020-01-17 09:43:51.2181 | Info | User: sasas has deleted talent with id: 89. 0 rows were affected | 
2020-01-17 09:43:51.2371 | Info | User: sasas has deleted hero_spells with id: 89. 4 rows were affected | 
2020-01-17 09:43:51.2550 | Info | User: sasas has deleted spells with id in (357,358,359,360). 4 rows were affected | 
2020-01-17 09:43:51.2729 | Info | User: sasas has deleted talent with id: 90. 0 rows were affected | 
2020-01-17 09:43:51.2919 | Info | User: sasas has deleted hero_spells with id: 90. 4 rows were affected | 
2020-01-17 09:43:51.3099 | Info | User: sasas has deleted spells with id in (361,362,363,364). 4 rows were affected | 
2020-01-17 09:43:51.3258 | Info | User: sasas has deleted talent with id: 92. 0 rows were affected | 
2020-01-17 09:43:51.3448 | Info | User: sasas has deleted hero_spells with id: 92. 4 rows were affected | 
2020-01-17 09:43:51.3627 | Info | User: sasas has deleted spells with id in (369,370,371,372). 4 rows were affected | 
2020-01-17 09:43:51.3787 | Info | User: sasas has deleted talent with id: 93. 0 rows were affected | 
2020-01-17 09:43:51.3980 | Info | User: sasas has deleted hero_spells with id: 93. 5 rows were affected | 
2020-01-17 09:43:51.4156 | Info | User: sasas has deleted spells with id in (373,374,375,376,377). 5 rows were affected | 
2020-01-17 09:43:51.4325 | Info | User: sasas has deleted talent with id: 99. 0 rows were affected | 
2020-01-17 09:43:51.4485 | Info | User: sasas has deleted hero_spells with id: 99. 0 rows were affected | 
2020-01-17 09:43:51.4594 | Info | User: sasas has deleted talent with id: 103. 0 rows were affected | 
2020-01-17 09:43:51.4724 | Info | User: sasas has deleted hero_spells with id: 103. 4 rows were affected | 
2020-01-17 09:43:51.5150 | Info | User: sasas has deleted spells with id in (410,411,412,413). 4 rows were affected | 
2020-01-17 09:43:51.5319 | Info | User: sasas has deleted talent with id: 108. 0 rows were affected | 
2020-01-17 09:43:51.5499 | Info | User: sasas has deleted hero_spells with id: 108. 4 rows were affected | 
2020-01-17 09:43:51.5678 | Info | User: sasas has deleted spells with id in (430,431,432,433). 4 rows were affected | 
2020-01-17 09:43:51.5848 | Info | User: sasas has deleted talent with id: 109. 0 rows were affected | 
2020-01-17 09:43:51.6025 | Info | User: sasas has deleted hero_spells with id: 109. 4 rows were affected | 
2020-01-17 09:43:51.6204 | Info | User: sasas has deleted spells with id in (434,435,436,437). 4 rows were affected | 
2020-01-17 09:43:51.6374 | Info | User: sasas has deleted talent with id: 110. 0 rows were affected | 
2020-01-17 09:43:51.6553 | Info | User: sasas has deleted hero_spells with id: 110. 4 rows were affected | 
2020-01-17 09:43:51.6733 | Info | User: sasas has deleted spells with id in (438,439,440,441). 4 rows were affected | 
2020-01-17 09:43:51.6902 | Info | User: sasas has deleted talent with id: 111. 0 rows were affected | 
2020-01-17 09:43:51.7082 | Info | User: sasas has deleted hero_spells with id: 111. 4 rows were affected | 
2020-01-17 09:43:51.7263 | Info | User: sasas has deleted spells with id in (442,443,444,445). 4 rows were affected | 
2020-01-17 09:43:51.7424 | Info | User: sasas has deleted talent with id: 113. 0 rows were affected | 
2020-01-17 09:43:51.7613 | Info | User: sasas has deleted hero_spells with id: 113. 5 rows were affected | 
2020-01-17 09:43:51.7793 | Info | User: sasas has deleted spells with id in (450,451,452,453,454). 5 rows were affected | 
2020-01-17 09:43:51.7963 | Info | User: sasas has deleted talent with id: 115. 0 rows were affected | 
2020-01-17 09:43:51.8150 | Info | User: sasas has deleted hero_spells with id: 115. 4 rows were affected | 
2020-01-17 09:43:51.8322 | Info | User: sasas has deleted spells with id in (459,460,461,462). 4 rows were affected | 
2020-01-17 09:43:51.8492 | Info | User: sasas has deleted talent with id: 117. 0 rows were affected | 
2020-01-17 09:43:51.8681 | Info | User: sasas has deleted hero_spells with id: 117. 4 rows were affected | 
2020-01-17 09:43:51.8859 | Info | User: sasas has deleted spells with id in (467,468,469,470). 4 rows were affected | 
2020-01-17 09:43:51.9018 | Info | User: sasas has deleted talent with id: 2. 0 rows were affected | 
2020-01-17 09:43:51.9187 | Info | User: sasas has deleted hero_spells with id: 2. 4 rows were affected | 
2020-01-17 09:43:51.9347 | Info | User: sasas has deleted spells with id in (8,9,10,11). 4 rows were affected | 
2020-01-17 09:43:51.9522 | Info | User: sasas has deleted talent with id: 4. 0 rows were affected | 
2020-01-17 09:43:51.9725 | Info | User: sasas has deleted hero_spells with id: 4. 4 rows were affected | 
2020-01-17 09:43:51.9916 | Info | User: sasas has deleted spells with id in (16,17,18,19). 4 rows were affected | 
2020-01-17 09:43:52.0075 | Info | User: sasas has deleted talent with id: 5. 0 rows were affected | 
2020-01-17 09:43:52.0265 | Info | User: sasas has deleted hero_spells with id: 5. 4 rows were affected | 
2020-01-17 09:43:52.0454 | Info | User: sasas has deleted spells with id in (20,21,22,23). 4 rows were affected | 
2020-01-17 09:43:52.0614 | Info | User: sasas has deleted talent with id: 8. 0 rows were affected | 
2020-01-17 09:43:52.0804 | Info | User: sasas has deleted hero_spells with id: 8. 4 rows were affected | 
2020-01-17 09:43:52.0983 | Info | User: sasas has deleted spells with id in (32,33,34,35). 4 rows were affected | 
2020-01-17 09:43:52.1152 | Info | User: sasas has deleted talent with id: 9. 0 rows were affected | 
2020-01-17 09:43:52.1332 | Info | User: sasas has deleted hero_spells with id: 9. 6 rows were affected | 
2020-01-17 09:43:52.1512 | Info | User: sasas has deleted spells with id in (36,37,38,39,40,41). 6 rows were affected | 
2020-01-17 09:43:52.1681 | Info | User: sasas has deleted talent with id: 10. 0 rows were affected | 
2020-01-17 09:43:52.1871 | Info | User: sasas has deleted hero_spells with id: 10. 4 rows were affected | 
2020-01-17 09:43:52.2053 | Info | User: sasas has deleted spells with id in (42,43,44,45). 4 rows were affected | 
2020-01-17 09:43:52.2215 | Info | User: sasas has deleted talent with id: 12. 0 rows were affected | 
2020-01-17 09:43:52.2405 | Info | User: sasas has deleted hero_spells with id: 12. 4 rows were affected | 
2020-01-17 09:43:52.2582 | Info | User: sasas has deleted spells with id in (50,51,52,53). 4 rows were affected | 
2020-01-17 09:43:52.2742 | Info | User: sasas has deleted talent with id: 14. 0 rows were affected | 
2020-01-17 09:43:52.2991 | Info | User: sasas has deleted hero_spells with id: 14. 4 rows were affected | 
2020-01-17 09:43:52.3171 | Info | User: sasas has deleted spells with id in (58,59,60,61). 4 rows were affected | 
2020-01-17 09:43:52.3330 | Info | User: sasas has deleted talent with id: 16. 0 rows were affected | 
2020-01-17 09:43:52.3520 | Info | User: sasas has deleted hero_spells with id: 16. 4 rows were affected | 
2020-01-17 09:43:52.3689 | Info | User: sasas has deleted spells with id in (66,67,68,69). 4 rows were affected | 
2020-01-17 09:43:52.3863 | Info | User: sasas has deleted talent with id: 19. 0 rows were affected | 
2020-01-17 09:43:52.4042 | Info | User: sasas has deleted hero_spells with id: 19. 4 rows were affected | 
2020-01-17 09:43:52.4222 | Info | User: sasas has deleted spells with id in (78,79,80,81). 4 rows were affected | 
2020-01-17 09:43:52.4382 | Info | User: sasas has deleted talent with id: 20. 0 rows were affected | 
2020-01-17 09:43:52.4571 | Info | User: sasas has deleted hero_spells with id: 20. 4 rows were affected | 
2020-01-17 09:43:52.4740 | Info | User: sasas has deleted spells with id in (82,83,84,85). 4 rows were affected | 
2020-01-17 09:43:52.4890 | Info | User: sasas has deleted talent with id: 21. 0 rows were affected | 
2020-01-17 09:43:52.5060 | Info | User: sasas has deleted hero_spells with id: 21. 4 rows were affected | 
2020-01-17 09:43:52.5322 | Info | User: sasas has deleted spells with id in (86,87,88,89). 4 rows were affected | 
2020-01-17 09:43:52.5479 | Info | User: sasas has deleted talent with id: 23. 0 rows were affected | 
2020-01-17 09:43:52.5648 | Info | User: sasas has deleted hero_spells with id: 23. 4 rows were affected | 
2020-01-17 09:43:52.5838 | Info | User: sasas has deleted spells with id in (94,95,96,97). 4 rows were affected | 
2020-01-17 09:43:52.5987 | Info | User: sasas has deleted talent with id: 24. 0 rows were affected | 
2020-01-17 09:43:52.6156 | Info | User: sasas has deleted hero_spells with id: 24. 4 rows were affected | 
2020-01-17 09:43:52.6306 | Info | User: sasas has deleted spells with id in (98,99,100,101). 4 rows were affected | 
2020-01-17 09:43:52.6466 | Info | User: sasas has deleted talent with id: 25. 0 rows were affected | 
2020-01-17 09:43:52.6626 | Info | User: sasas has deleted hero_spells with id: 25. 4 rows were affected | 
2020-01-17 09:43:52.6785 | Info | User: sasas has deleted spells with id in (102,103,104,105). 4 rows were affected | 
2020-01-17 09:43:52.6935 | Info | User: sasas has deleted talent with id: 28. 0 rows were affected | 
2020-01-17 09:43:52.7104 | Info | User: sasas has deleted hero_spells with id: 28. 4 rows were affected | 
2020-01-17 09:43:52.7263 | Info | User: sasas has deleted spells with id in (114,115,116,117). 4 rows were affected | 
2020-01-17 09:43:52.7413 | Info | User: sasas has deleted talent with id: 29. 0 rows were affected | 
2020-01-17 09:43:52.7583 | Info | User: sasas has deleted hero_spells with id: 29. 4 rows were affected | 
2020-01-17 09:43:52.7743 | Info | User: sasas has deleted spells with id in (118,119,120,121). 4 rows were affected | 
2020-01-17 09:43:52.7892 | Info | User: sasas has deleted talent with id: 31. 0 rows were affected | 
2020-01-17 09:43:52.8052 | Info | User: sasas has deleted hero_spells with id: 31. 4 rows were affected | 
2020-01-17 09:43:52.8221 | Info | User: sasas has deleted spells with id in (126,127,128,129). 4 rows were affected | 
2020-01-17 09:43:52.8361 | Info | User: sasas has deleted talent with id: 32. 0 rows were affected | 
2020-01-17 09:43:52.8530 | Info | User: sasas has deleted hero_spells with id: 32. 4 rows were affected | 
2020-01-17 09:43:52.8690 | Info | User: sasas has deleted spells with id in (130,131,132,133). 4 rows were affected | 
2020-01-17 09:43:52.8840 | Info | User: sasas has deleted talent with id: 33. 0 rows were affected | 
2020-01-17 09:43:52.8999 | Info | User: sasas has deleted hero_spells with id: 33. 4 rows were affected | 
2020-01-17 09:43:52.9159 | Info | User: sasas has deleted spells with id in (134,135,136,137). 4 rows were affected | 
2020-01-17 09:43:52.9316 | Info | User: sasas has deleted talent with id: 34. 0 rows were affected | 
2020-01-17 09:43:52.9475 | Info | User: sasas has deleted hero_spells with id: 34. 4 rows were affected | 
2020-01-17 09:43:52.9645 | Info | User: sasas has deleted spells with id in (138,139,140,141). 4 rows were affected | 
2020-01-17 09:43:52.9794 | Info | User: sasas has deleted talent with id: 35. 0 rows were affected | 
2020-01-17 09:43:53.0211 | Info | User: sasas has deleted hero_spells with id: 35. 4 rows were affected | 
2020-01-17 09:43:53.0373 | Info | User: sasas has deleted spells with id in (142,143,144,145). 4 rows were affected | 
2020-01-17 09:43:53.0523 | Info | User: sasas has deleted talent with id: 37. 0 rows were affected | 
2020-01-17 09:43:53.0683 | Info | User: sasas has deleted hero_spells with id: 37. 4 rows were affected | 
2020-01-17 09:43:53.0852 | Info | User: sasas has deleted spells with id in (150,151,152,153). 4 rows were affected | 
2020-01-17 09:43:53.0992 | Info | User: sasas has deleted talent with id: 38. 0 rows were affected | 
2020-01-17 09:43:53.1161 | Info | User: sasas has deleted hero_spells with id: 38. 4 rows were affected | 
2020-01-17 09:43:53.1321 | Info | User: sasas has deleted spells with id in (154,155,156,157). 4 rows were affected | 
2020-01-17 09:43:53.1471 | Info | User: sasas has deleted talent with id: 41. 0 rows were affected | 
2020-01-17 09:43:53.1630 | Info | User: sasas has deleted hero_spells with id: 41. 4 rows were affected | 
2020-01-17 09:43:53.1790 | Info | User: sasas has deleted spells with id in (166,167,168,169). 4 rows were affected | 
2020-01-17 09:43:53.1941 | Info | User: sasas has deleted talent with id: 43. 0 rows were affected | 
2020-01-17 09:43:53.2101 | Info | User: sasas has deleted hero_spells with id: 43. 4 rows were affected | 
2020-01-17 09:43:53.2350 | Info | User: sasas has deleted spells with id in (174,175,176,177). 4 rows were affected | 
2020-01-17 09:43:53.2350 | Info | User: sasas has deleted talent with id: 44. 0 rows were affected | 
2020-01-17 09:43:53.2590 | Info | User: sasas has deleted hero_spells with id: 44. 4 rows were affected | 
2020-01-17 09:43:53.2719 | Info | User: sasas has deleted spells with id in (178,179,180,181). 4 rows were affected | 
2020-01-17 09:43:53.2839 | Info | User: sasas has deleted talent with id: 45. 0 rows were affected | 
2020-01-17 09:43:53.2969 | Info | User: sasas has deleted hero_spells with id: 45. 4 rows were affected | 
2020-01-17 09:43:53.2969 | Info | User: sasas has deleted spells with id in (182,183,184,185). 4 rows were affected | 
2020-01-17 09:43:53.3208 | Info | User: sasas has deleted talent with id: 46. 0 rows were affected | 
2020-01-17 09:43:53.3347 | Info | User: sasas has deleted hero_spells with id: 46. 4 rows were affected | 
2020-01-17 09:43:53.3467 | Info | User: sasas has deleted spells with id in (186,187,188,189). 4 rows were affected | 
2020-01-17 09:43:53.3587 | Info | User: sasas has deleted talent with id: 48. 0 rows were affected | 
2020-01-17 09:43:53.3587 | Info | User: sasas has deleted hero_spells with id: 48. 4 rows were affected | 
2020-01-17 09:43:53.3837 | Info | User: sasas has deleted spells with id in (194,195,196,197). 4 rows were affected | 
2020-01-17 09:43:53.3957 | Info | User: sasas has deleted talent with id: 50. 0 rows were affected | 
2020-01-17 09:43:53.4096 | Info | User: sasas has deleted hero_spells with id: 50. 4 rows were affected | 
2020-01-17 09:43:53.4216 | Info | User: sasas has deleted spells with id in (202,203,204,205). 4 rows were affected | 
2020-01-17 09:43:53.4216 | Info | User: sasas has deleted talent with id: 51. 0 rows were affected | 
2020-01-17 09:43:53.4465 | Info | User: sasas has deleted hero_spells with id: 51. 4 rows were affected | 
2020-01-17 09:43:53.4585 | Info | User: sasas has deleted spells with id in (206,207,208,209). 4 rows were affected | 
2020-01-17 09:43:53.4706 | Info | User: sasas has deleted talent with id: 54. 0 rows were affected | 
2020-01-17 09:43:53.4834 | Info | User: sasas has deleted hero_spells with id: 54. 4 rows were affected | 
2020-01-17 09:43:53.4834 | Info | User: sasas has deleted spells with id in (218,219,220,221). 4 rows were affected | 
2020-01-17 09:43:53.5074 | Info | User: sasas has deleted talent with id: 56. 0 rows were affected | 
2020-01-17 09:43:53.5213 | Info | User: sasas has deleted hero_spells with id: 56. 4 rows were affected | 
2020-01-17 09:43:53.5433 | Info | User: sasas has deleted spells with id in (226,227,228,229). 4 rows were affected | 
2020-01-17 09:43:53.5553 | Info | User: sasas has deleted talent with id: 57. 0 rows were affected | 
2020-01-17 09:43:53.5692 | Info | User: sasas has deleted hero_spells with id: 57. 4 rows were affected | 
2020-01-17 09:43:53.5818 | Info | User: sasas has deleted spells with id in (230,231,232,233). 4 rows were affected | 
2020-01-17 09:43:53.5937 | Info | User: sasas has deleted talent with id: 61. 0 rows were affected | 
2020-01-17 09:43:53.5937 | Info | User: sasas has deleted hero_spells with id: 61. 4 rows were affected | 
2020-01-17 09:43:53.6186 | Info | User: sasas has deleted spells with id in (246,247,248,249). 4 rows were affected | 
2020-01-17 09:43:53.6306 | Info | User: sasas has deleted talent with id: 62. 0 rows were affected | 
2020-01-17 09:43:53.6435 | Info | User: sasas has deleted hero_spells with id: 62. 4 rows were affected | 
2020-01-17 09:43:53.6555 | Info | User: sasas has deleted spells with id in (250,251,252,253). 4 rows were affected | 
2020-01-17 09:43:53.6555 | Info | User: sasas has deleted talent with id: 63. 0 rows were affected | 
2020-01-17 09:43:53.6809 | Info | User: sasas has deleted hero_spells with id: 63. 4 rows were affected | 
2020-01-17 09:43:53.6939 | Info | User: sasas has deleted spells with id in (254,255,256,257). 4 rows were affected | 
2020-01-17 09:43:53.7058 | Info | User: sasas has deleted talent with id: 64. 0 rows were affected | 
2020-01-17 09:43:53.7188 | Info | User: sasas has deleted hero_spells with id: 64. 4 rows were affected | 
2020-01-17 09:43:53.7188 | Info | User: sasas has deleted spells with id in (258,259,260,261). 4 rows were affected | 
2020-01-17 09:43:53.7434 | Info | User: sasas has deleted talent with id: 66. 0 rows were affected | 
2020-01-17 09:43:53.7564 | Info | User: sasas has deleted hero_spells with id: 66. 4 rows were affected | 
2020-01-17 09:43:53.7693 | Info | User: sasas has deleted spells with id in (266,267,268,269). 4 rows were affected | 
2020-01-17 09:43:53.7813 | Info | User: sasas has deleted talent with id: 70. 0 rows were affected | 
2020-01-17 09:43:53.7813 | Info | User: sasas has deleted hero_spells with id: 70. 4 rows were affected | 
2020-01-17 09:43:53.8072 | Info | User: sasas has deleted spells with id in (282,283,284,285). 4 rows were affected | 
2020-01-17 09:43:53.8716 | Info | User: sasas has deleted some heroes. 62 rows were affected | 
2020-01-17 09:43:59.1887 | Info | User: sasas has reverted reacent transaction | 
2020-01-17 10:06:41.7789 | Info | User s logged in as user | 
2020-01-17 10:08:00.5067 | Info | User: s has updated hero with id = 80 | 
2020-01-17 10:08:00.5442 | Info | User: s has updated hero 80 with new spell 322 | 
2020-01-17 10:09:00.4670 | Info | User: s has updated hero with id = 80 | 
2020-01-17 10:09:00.4929 | Info | User: s has updated hero 80 with new spell 322 | 
2020-01-17 10:19:14.7683 | Info | User sss logged in as user | 
2020-01-17 10:19:48.5117 | Info | User: sss has updated hero with id = 80 | 
2020-01-17 10:19:48.5299 | Info | User: sss has updated hero 80 with new spell 322 | 
2020-01-17 10:50:55.4338 | Info | User ч logged in as admin | 
2020-01-17 10:51:31.7239 | Info | User ч logged in as admin | 
2020-01-17 10:51:53.3473 | Info | User a logged in as admin | 
2020-01-17 10:51:56.5561 | Error | Oracle.ManagedDataAccess.Client.OracleException (0x80004005): ORA-00933: SQL command not properly ended
   в OracleInternal.ServiceObjects.OracleConnectionImpl.VerifyExecution(Int32& cursorId, Boolean bThrowArrayBindRelatedErrors, SqlStatementType sqlStatementType, Int32 arrayBindCount, OracleException& exceptionForArrayBindDML, Boolean& hasMoreRowsInDB, Boolean bFirstIterationDone)
   в OracleInternal.ServiceObjects.OracleCommandImpl.ExecuteNonQuery(String commandText, OracleParameterCollection paramColl, CommandType commandType, OracleConnectionImpl connectionImpl, Int32 longFetchSize, Int64 clientInitialLOBFS, OracleDependencyImpl orclDependencyImpl, Int64[]& scnFromExecution, OracleParameterCollection& bindByPositionParamColl, Boolean& bBindParamPresent, OracleException& exceptionForArrayBindDML, OracleConnection connection, OracleLogicalTransaction& oracleLogicalTransaction, Boolean isFromEF)
   в Oracle.ManagedDataAccess.Client.OracleCommand.ExecuteNonQuery()
   в datadatabase.talents.Button_Click(Object sender, RoutedEventArgs e) в D:\Me\многа букаф\datadatabase\datadatabase\talents.xaml.cs:строка 59 | ORA-00933: SQL command not properly ended
2020-01-17 10:52:48.3525 | Info | User a logged in as admin | 
